<?xml version="1.0" encoding="UTF-8"?>
<testsuite name="dao.Sql2oDepartmentDaoTest" tests="6" skipped="0" failures="0" errors="0" timestamp="2021-08-23T03:26:47" hostname="denvar-HP-ENVY-x360-Convertible-13-y0XX" time="0.293">
  <properties/>
  <testcase name="DepartmentIsSavedCorrectly" classname="dao.Sql2oDepartmentDaoTest" time="0.143"/>
  <testcase name="addedDepartmentAreReturnedFromGetAll" classname="dao.Sql2oDepartmentDaoTest" time="0.037"/>
  <testcase name="addingDepartmentSetsId" classname="dao.Sql2oDepartmentDaoTest" time="0.024"/>
  <testcase name="noDepartmentReturnsEmptyList" classname="dao.Sql2oDepartmentDaoTest" time="0.021"/>
  <testcase name="clearAll" classname="dao.Sql2oDepartmentDaoTest" time="0.025"/>
  <testcase name="deleteByIdDeletesCorrectUser" classname="dao.Sql2oDepartmentDaoTest" time="0.033"/>
  <system-out><![CDATA[]]></system-out>
  <system-err><![CDATA[]]></system-err>
</testsuite>
